# JRE version: OpenJDK Runtime Environment (11.0.13) (build 11.0.13+0-b1751.21-8125866)
# Java VM: OpenJDK 64-Bit Server VM (11.0.13+0-b1751.21-8125866, mixed mode, tiered, compressed oops, g1 gc, windows-amd64)
Heap:
 garbage-first heap   total 407552K, used 268047K [0x0000000080000000, 0x0000000100000000)
  region size 1024K, 99 young (101376K), 9 survivors (9216K)
 Metaspace       used 105188K, capacity 107912K, committed 108700K, reserved 1144832K
  class space    used 12450K, capacity 13356K, committed 13644K, reserved 1048576K
GC Heap History (20 events):
Event: 5631.814 GC heap before
{Heap before GC invocations=204 (full 0):
 garbage-first heap   total 307200K, used 203372K [0x0000000080000000, 0x0000000100000000)
  region size 1024K, 15 young (15360K), 1 survivors (1024K)
 Metaspace       used 104780K, capacity 107408K, committed 108700K, reserved 1144832K
  class space    used 12415K, capacity 13312K, committed 13644K, reserved 1048576K
}
Event: 5631.816 GC heap after
{Heap after GC invocations=205 (full 0):
 garbage-first heap   total 307200K, used 188673K [0x0000000080000000, 0x0000000100000000)
  region size 1024K, 1 young (1024K), 1 survivors (1024K)
 Metaspace       used 104780K, capacity 107408K, committed 108700K, reserved 1144832K
  class space    used 12415K, capacity 13312K, committed 13644K, reserved 1048576K
}
Event: 5632.081 GC heap before
{Heap before GC invocations=206 (full 0):
 garbage-first heap   total 307200K, used 235777K [0x0000000080000000, 0x0000000100000000)
  region size 1024K, 47 young (48128K), 1 survivors (1024K)
 Metaspace       used 104780K, capacity 107408K, committed 108700K, reserved 1144832K
  class space    used 12415K, capacity 13312K, committed 13644K, reserved 1048576K
}
Event: 5632.085 GC heap after
{Heap after GC invocations=207 (full 0):
 garbage-first heap   total 307200K, used 190778K [0x0000000080000000, 0x0000000100000000)
  region size 1024K, 3 young (3072K), 3 survivors (3072K)
 Metaspace       used 104780K, capacity 107408K, committed 108700K, reserved 1144832K
  class space    used 12415K, capacity 13312K, committed 13644K, reserved 1048576K
}
Event: 5632.192 GC heap before
{Heap before GC invocations=207 (full 0):
 garbage-first heap   total 307200K, used 202042K [0x0000000080000000, 0x0000000100000000)
  region size 1024K, 15 young (15360K), 3 survivors (3072K)
 Metaspace       used 104780K, capacity 107408K, committed 108700K, reserved 1144832K
  class space    used 12415K, capacity 13312K, committed 13644K, reserved 1048576K
}
Event: 5632.199 GC heap after
{Heap after GC invocations=208 (full 0):
 garbage-first heap   total 307200K, used 167400K [0x0000000080000000, 0x0000000100000000)
  region size 1024K, 1 young (1024K), 1 survivors (1024K)
 Metaspace       used 104780K, capacity 107408K, committed 108700K, reserved 1144832K
  class space    used 12415K, capacity 13312K, committed 13644K, reserved 1048576K
}
Event: 5632.411 GC heap before
{Heap before GC invocations=208 (full 0):
 garbage-first heap   total 307200K, used 227816K [0x0000000080000000, 0x0000000100000000)
  region size 1024K, 60 young (61440K), 1 survivors (1024K)
 Metaspace       used 104780K, capacity 107408K, committed 108700K, reserved 1144832K
  class space    used 12415K, capacity 13312K, committed 13644K, reserved 1048576K
}
Event: 5632.420 GC heap after
{Heap after GC invocations=209 (full 0):
 garbage-first heap   total 407552K, used 168846K [0x0000000080000000, 0x0000000100000000)
  region size 1024K, 3 young (3072K), 3 survivors (3072K)
 Metaspace       used 104780K, capacity 107408K, committed 108700K, reserved 1144832K
  class space    used 12415K, capacity 13312K, committed 13644K, reserved 1048576K
}
Event: 5632.978 GC heap before
{Heap before GC invocations=209 (full 0):
 garbage-first heap   total 407552K, used 274318K [0x0000000080000000, 0x0000000100000000)
  region size 1024K, 106 young (108544K), 3 survivors (3072K)
 Metaspace       used 104781K, capacity 107408K, committed 108700K, reserved 1144832K
  class space    used 12415K, capacity 13312K, committed 13644K, reserved 1048576K
}
Event: 5632.981 GC heap after
{Heap after GC invocations=210 (full 0):
 garbage-first heap   total 407552K, used 173427K [0x0000000080000000, 0x0000000100000000)
  region size 1024K, 7 young (7168K), 7 survivors (7168K)
 Metaspace       used 104781K, capacity 107408K, committed 108700K, reserved 1144832K
  class space    used 12415K, capacity 13312K, committed 13644K, reserved 1048576K
}
Event: 5633.212 GC heap before
{Heap before GC invocations=210 (full 0):
 garbage-first heap   total 407552K, used 284019K [0x0000000080000000, 0x0000000100000000)
  region size 1024K, 116 young (118784K), 7 survivors (7168K)
 Metaspace       used 104782K, capacity 107409K, committed 108700K, reserved 1144832K
  class space    used 12415K, capacity 13312K, committed 13644K, reserved 1048576K
}
Event: 5633.216 GC heap after
{Heap after GC invocations=211 (full 0):
 garbage-first heap   total 407552K, used 173246K [0x0000000080000000, 0x0000000100000000)
  region size 1024K, 7 young (7168K), 7 survivors (7168K)
 Metaspace       used 104782K, capacity 107409K, committed 108700K, reserved 1144832K
  class space    used 12415K, capacity 13312K, committed 13644K, reserved 1048576K
}
Event: 5634.463 GC heap before
{Heap before GC invocations=211 (full 0):
 garbage-first heap   total 407552K, used 294078K [0x0000000080000000, 0x0000000100000000)
  region size 1024K, 126 young (129024K), 7 survivors (7168K)
 Metaspace       used 104785K, capacity 107473K, committed 108700K, reserved 1144832K
  class space    used 12415K, capacity 13312K, committed 13644K, reserved 1048576K
}
Event: 5634.467 GC heap after
{Heap after GC invocations=212 (full 0):
 garbage-first heap   total 407552K, used 174105K [0x0000000080000000, 0x0000000100000000)
  region size 1024K, 8 young (8192K), 8 survivors (8192K)
 Metaspace       used 104785K, capacity 107473K, committed 108700K, reserved 1144832K
  class space    used 12415K, capacity 13312K, committed 13644K, reserved 1048576K
}
Event: 5634.660 GC heap before
{Heap before GC invocations=212 (full 0):
 garbage-first heap   total 407552K, used 304153K [0x0000000080000000, 0x0000000100000000)
  region size 1024K, 134 young (137216K), 8 survivors (8192K)
 Metaspace       used 104785K, capacity 107473K, committed 108700K, reserved 1144832K
  class space    used 12415K, capacity 13312K, committed 13644K, reserved 1048576K
}
Event: 5634.669 GC heap after
{Heap after GC invocations=213 (full 0):
 garbage-first heap   total 407552K, used 175887K [0x0000000080000000, 0x0000000100000000)
  region size 1024K, 9 young (9216K), 9 survivors (9216K)
 Metaspace       used 104785K, capacity 107473K, committed 108700K, reserved 1144832K
  class space    used 12415K, capacity 13312K, committed 13644K, reserved 1048576K
}
Event: 5639.049 GC heap before
{Heap before GC invocations=213 (full 0):
 garbage-first heap   total 407552K, used 316175K [0x0000000080000000, 0x0000000100000000)
  region size 1024K, 147 young (150528K), 9 survivors (9216K)
 Metaspace       used 104938K, capacity 107656K, committed 108700K, reserved 1144832K
  class space    used 12441K, capacity 13349K, committed 13644K, reserved 1048576K
}
Event: 5639.065 GC heap after
{Heap after GC invocations=214 (full 0):
 garbage-first heap   total 407552K, used 175230K [0x0000000080000000, 0x0000000100000000)
  region size 1024K, 9 young (9216K), 9 survivors (9216K)
 Metaspace       used 104938K, capacity 107656K, committed 108700K, reserved 1144832K
  class space    used 12441K, capacity 13349K, committed 13644K, reserved 1048576K
}
Event: 5643.147 GC heap before
{Heap before GC invocations=214 (full 0):
 garbage-first heap   total 407552K, used 320638K [0x0000000080000000, 0x0000000100000000)
  region size 1024K, 152 young (155648K), 9 survivors (9216K)
 Metaspace       used 105176K, capacity 107906K, committed 108700K, reserved 1144832K
  class space    used 12447K, capacity 13354K, committed 13644K, reserved 1048576K
}
Event: 5643.154 GC heap after
{Heap after GC invocations=215 (full 0):
 garbage-first heap   total 407552K, used 175887K [0x0000000080000000, 0x0000000100000000)
  region size 1024K, 9 young (9216K), 9 survivors (9216K)
 Metaspace       used 105176K, capacity 107906K, committed 108700K, reserved 1144832K
  class space    used 12447K, capacity 13354K, committed 13644K, reserved 1048576K
}

