# JRE version: OpenJDK Runtime Environment (11.0.13) (build 11.0.13+0-b1751.21-8125866)
# Java VM: OpenJDK 64-Bit Server VM (11.0.13+0-b1751.21-8125866, mixed mode, tiered, compressed oops, g1 gc, windows-amd64)
Heap:
 garbage-first heap   total 224256K, used 173884K [0x0000000080000000, 0x0000000100000000)
  region size 1024K, 21 young (21504K), 2 survivors (2048K)
 Metaspace       used 107786K, capacity 110686K, committed 111024K, reserved 1146880K
  class space    used 13039K, capacity 13989K, committed 14080K, reserved 1048576K
GC Heap History (20 events):
Event: 145.272 GC heap before
{Heap before GC invocations=83 (full 0):
 garbage-first heap   total 224256K, used 189549K [0x0000000080000000, 0x0000000100000000)
  region size 1024K, 39 young (39936K), 2 survivors (2048K)
 Metaspace       used 101504K, capacity 103958K, committed 104240K, reserved 1140736K
  class space    used 12449K, capacity 13347K, committed 13440K, reserved 1048576K
}
Event: 145.279 GC heap after
{Heap after GC invocations=84 (full 0):
 garbage-first heap   total 224256K, used 153139K [0x0000000080000000, 0x0000000100000000)
  region size 1024K, 3 young (3072K), 3 survivors (3072K)
 Metaspace       used 101504K, capacity 103958K, committed 104240K, reserved 1140736K
  class space    used 12449K, capacity 13347K, committed 13440K, reserved 1048576K
}
Event: 145.303 GC heap before
{Heap before GC invocations=84 (full 0):
 garbage-first heap   total 224256K, used 160307K [0x0000000080000000, 0x0000000100000000)
  region size 1024K, 10 young (10240K), 3 survivors (3072K)
 Metaspace       used 101699K, capacity 104182K, committed 104496K, reserved 1140736K
  class space    used 12480K, capacity 13379K, committed 13440K, reserved 1048576K
}
Event: 145.308 GC heap after
{Heap after GC invocations=85 (full 0):
 garbage-first heap   total 224256K, used 152721K [0x0000000080000000, 0x0000000100000000)
  region size 1024K, 1 young (1024K), 1 survivors (1024K)
 Metaspace       used 101699K, capacity 104182K, committed 104496K, reserved 1140736K
  class space    used 12480K, capacity 13379K, committed 13440K, reserved 1048576K
}
Event: 729.795 GC heap before
{Heap before GC invocations=85 (full 0):
 garbage-first heap   total 224256K, used 189585K [0x0000000080000000, 0x0000000100000000)
  region size 1024K, 38 young (38912K), 1 survivors (1024K)
 Metaspace       used 105864K, capacity 108573K, committed 108720K, reserved 1144832K
  class space    used 12820K, capacity 13749K, committed 13824K, reserved 1048576K
}
Event: 729.801 GC heap after
{Heap after GC invocations=86 (full 0):
 garbage-first heap   total 224256K, used 153405K [0x0000000080000000, 0x0000000100000000)
  region size 1024K, 2 young (2048K), 2 survivors (2048K)
 Metaspace       used 105864K, capacity 108573K, committed 108720K, reserved 1144832K
  class space    used 12820K, capacity 13749K, committed 13824K, reserved 1048576K
}
Event: 731.526 GC heap before
{Heap before GC invocations=86 (full 0):
 garbage-first heap   total 224256K, used 190269K [0x0000000080000000, 0x0000000100000000)
  region size 1024K, 39 young (39936K), 2 survivors (2048K)
 Metaspace       used 106686K, capacity 109520K, committed 109616K, reserved 1144832K
  class space    used 12922K, capacity 13891K, committed 13952K, reserved 1048576K
}
Event: 731.540 GC heap after
{Heap after GC invocations=87 (full 0):
 garbage-first heap   total 224256K, used 158205K [0x0000000080000000, 0x0000000100000000)
  region size 1024K, 5 young (5120K), 5 survivors (5120K)
 Metaspace       used 106686K, capacity 109520K, committed 109616K, reserved 1144832K
  class space    used 12922K, capacity 13891K, committed 13952K, reserved 1048576K
}
Event: 735.138 GC heap before
{Heap before GC invocations=87 (full 0):
 garbage-first heap   total 224256K, used 191997K [0x0000000080000000, 0x0000000100000000)
  region size 1024K, 38 young (38912K), 5 survivors (5120K)
 Metaspace       used 107010K, capacity 109853K, committed 110128K, reserved 1144832K
  class space    used 12955K, capacity 13932K, committed 13952K, reserved 1048576K
}
Event: 735.188 GC heap after
{Heap after GC invocations=88 (full 0):
 garbage-first heap   total 224256K, used 163420K [0x0000000080000000, 0x0000000100000000)
  region size 1024K, 5 young (5120K), 5 survivors (5120K)
 Metaspace       used 107010K, capacity 109853K, committed 110128K, reserved 1144832K
  class space    used 12955K, capacity 13932K, committed 13952K, reserved 1048576K
}
Event: 736.540 GC heap before
{Heap before GC invocations=89 (full 0):
 garbage-first heap   total 224256K, used 192092K [0x0000000080000000, 0x0000000100000000)
  region size 1024K, 33 young (33792K), 5 survivors (5120K)
 Metaspace       used 107618K, capacity 110488K, committed 110768K, reserved 1146880K
  class space    used 13038K, capacity 13989K, committed 14080K, reserved 1048576K
}
Event: 736.559 GC heap after
{Heap after GC invocations=90 (full 0):
 garbage-first heap   total 224256K, used 169149K [0x0000000080000000, 0x0000000100000000)
  region size 1024K, 5 young (5120K), 5 survivors (5120K)
 Metaspace       used 107618K, capacity 110488K, committed 110768K, reserved 1146880K
  class space    used 13038K, capacity 13989K, committed 14080K, reserved 1048576K
}
Event: 736.694 GC heap before
{Heap before GC invocations=90 (full 0):
 garbage-first heap   total 224256K, used 173245K [0x0000000080000000, 0x0000000100000000)
  region size 1024K, 10 young (10240K), 5 survivors (5120K)
 Metaspace       used 107621K, capacity 110488K, committed 110768K, reserved 1146880K
  class space    used 13038K, capacity 13989K, committed 14080K, reserved 1048576K
}
Event: 736.713 GC heap after
{Heap after GC invocations=91 (full 0):
 garbage-first heap   total 224256K, used 155314K [0x0000000080000000, 0x0000000100000000)
  region size 1024K, 1 young (1024K), 1 survivors (1024K)
 Metaspace       used 107621K, capacity 110488K, committed 110768K, reserved 1146880K
  class space    used 13038K, capacity 13989K, committed 14080K, reserved 1048576K
}
Event: 737.066 GC heap before
{Heap before GC invocations=91 (full 0):
 garbage-first heap   total 224256K, used 163506K [0x0000000080000000, 0x0000000100000000)
  region size 1024K, 10 young (10240K), 1 survivors (1024K)
 Metaspace       used 107639K, capacity 110488K, committed 110768K, reserved 1146880K
  class space    used 13038K, capacity 13989K, committed 14080K, reserved 1048576K
}
Event: 737.077 GC heap after
{Heap after GC invocations=92 (full 0):
 garbage-first heap   total 224256K, used 153929K [0x0000000080000000, 0x0000000100000000)
  region size 1024K, 1 young (1024K), 1 survivors (1024K)
 Metaspace       used 107639K, capacity 110488K, committed 110768K, reserved 1146880K
  class space    used 13038K, capacity 13989K, committed 14080K, reserved 1048576K
}
Event: 738.180 GC heap before
{Heap before GC invocations=92 (full 0):
 garbage-first heap   total 224256K, used 184649K [0x0000000080000000, 0x0000000100000000)
  region size 1024K, 32 young (32768K), 1 survivors (1024K)
 Metaspace       used 107708K, capacity 110622K, committed 110768K, reserved 1146880K
  class space    used 13038K, capacity 13989K, committed 14080K, reserved 1048576K
}
Event: 738.186 GC heap after
{Heap after GC invocations=93 (full 0):
 garbage-first heap   total 224256K, used 155421K [0x0000000080000000, 0x0000000100000000)
  region size 1024K, 2 young (2048K), 2 survivors (2048K)
 Metaspace       used 107708K, capacity 110622K, committed 110768K, reserved 1146880K
  class space    used 13038K, capacity 13989K, committed 14080K, reserved 1048576K
}
Event: 738.580 GC heap before
{Heap before GC invocations=93 (full 0):
 garbage-first heap   total 224256K, used 187165K [0x0000000080000000, 0x0000000100000000)
  region size 1024K, 34 young (34816K), 2 survivors (2048K)
 Metaspace       used 107780K, capacity 110686K, committed 111024K, reserved 1146880K
  class space    used 13039K, capacity 13989K, committed 14080K, reserved 1048576K
}
Event: 738.584 GC heap after
{Heap after GC invocations=94 (full 0):
 garbage-first heap   total 224256K, used 155452K [0x0000000080000000, 0x0000000100000000)
  region size 1024K, 2 young (2048K), 2 survivors (2048K)
 Metaspace       used 107780K, capacity 110686K, committed 111024K, reserved 1146880K
  class space    used 13039K, capacity 13989K, committed 14080K, reserved 1048576K
}

